SF:lib\app\app_bloc.dart
DA:3,30
DA:6,1
DA:10,0
DA:12,0
DA:13,0
DA:15,0
DA:16,0
LF:7
LH:2
end_of_record
SF:lib\app\app_module.dart
DA:7,1
DA:8,1
DA:9,3
DA:12,1
DA:13,1
DA:15,0
DA:16,0
DA:18,2
LF:8
LH:6
end_of_record
SF:lib\app\app_widget.dart
DA:5,0
DA:7,0
DA:9,0
DA:12,0
LF:4
LH:0
end_of_record
SF:lib\app\routes\routes_module.dart
DA:7,0
DA:8,0
DA:9,0
DA:12,0
DA:13,0
DA:15,0
DA:16,0
DA:18,2
LF:8
LH:1
end_of_record
SF:lib\app\components\cardClient.dart
DA:9,1
DA:13,1
DA:15,1
DA:16,1
DA:24,0
DA:26,0
DA:27,0
DA:30,1
DA:32,1
DA:34,1
DA:36,0
DA:37,0
DA:38,0
DA:41,0
DA:42,0
DA:45,0
DA:48,0
DA:49,0
DA:50,0
DA:53,0
DA:54,0
DA:56,0
DA:57,0
DA:58,0
DA:59,0
DA:70,0
DA:71,0
DA:72,0
DA:76,0
DA:77,0
DA:78,0
DA:79,0
DA:80,0
DA:81,0
DA:82,0
DA:85,0
DA:92,0
DA:93,0
DA:95,0
DA:101,0
DA:102,0
DA:105,0
DA:106,0
DA:108,0
DA:109,0
DA:110,0
DA:111,0
DA:112,0
DA:118,0
DA:119,0
DA:120,0
DA:121,0
DA:129,0
DA:130,0
DA:131,0
DA:132,0
DA:133,0
DA:134,0
DA:136,0
DA:137,0
DA:138,0
DA:142,0
DA:143,0
DA:144,0
DA:145,0
DA:146,0
DA:148,0
DA:149,0
DA:150,0
DA:163,0
DA:164,0
DA:165,0
DA:167,0
DA:182,0
DA:184,0
DA:186,0
DA:187,0
DA:188,0
DA:192,0
DA:193,0
DA:194,0
DA:195,0
DA:196,0
DA:201,0
LF:84
LH:7
end_of_record
SF:lib\app\components\popUpDefault.dart
DA:4,50
DA:9,0
DA:10,0
DA:14,0
DA:16,0
DA:17,0
DA:18,0
DA:23,0
LF:8
LH:1
end_of_record
SF:lib\app\models\Caixa_model.dart
DA:11,3
DA:21,0
DA:22,0
DA:23,0
DA:24,0
DA:25,0
DA:26,0
DA:27,0
DA:28,0
DA:29,0
DA:32,0
DA:33,0
DA:34,0
DA:35,0
DA:36,0
DA:37,0
DA:38,0
DA:39,0
DA:40,0
DA:41,0
LF:20
LH:1
end_of_record
SF:lib\app\components\InputDefault.dart
DA:9,1
DA:11,1
DA:13,1
DA:14,1
DA:15,1
DA:16,1
DA:17,1
DA:18,1
DA:21,1
DA:22,1
DA:27,1
DA:28,1
DA:29,1
DA:30,1
DA:31,1
DA:32,1
DA:35,1
DA:36,1
LF:18
LH:18
end_of_record
SF:lib\app\components\buttonDefault.dart
DA:7,1
DA:8,1
DA:10,1
DA:12,1
DA:17,1
DA:19,1
DA:20,1
DA:21,1
DA:22,1
LF:9
LH:9
end_of_record
SF:lib\app\components\cardClient.dart
DA:9,0
DA:13,0
DA:15,0
DA:16,0
DA:24,0
DA:26,0
DA:27,0
DA:30,0
DA:32,0
DA:34,0
DA:36,0
DA:37,0
DA:38,0
DA:41,0
DA:42,0
DA:45,0
DA:48,0
DA:49,0
DA:50,0
DA:53,0
DA:54,0
DA:56,0
DA:57,0
DA:58,0
DA:59,0
DA:70,0
DA:71,0
DA:72,0
DA:76,0
DA:77,0
DA:78,0
DA:79,0
DA:80,0
DA:81,0
DA:82,0
DA:85,0
DA:92,0
DA:93,0
DA:95,0
DA:101,0
DA:102,0
DA:105,0
DA:106,0
DA:108,0
DA:109,0
DA:110,0
DA:111,0
DA:112,0
DA:118,0
DA:119,0
DA:120,0
DA:121,0
DA:129,0
DA:130,0
DA:131,0
DA:132,0
DA:133,0
DA:134,0
DA:136,0
DA:137,0
DA:138,0
DA:142,0
DA:143,0
DA:144,0
DA:145,0
DA:146,0
DA:148,0
DA:149,0
DA:150,0
DA:163,0
DA:164,0
DA:165,0
DA:167,0
DA:182,0
DA:184,0
DA:186,0
DA:187,0
DA:188,0
DA:192,0
DA:193,0
DA:194,0
DA:195,0
DA:196,0
DA:201,0
LF:84
LH:0
end_of_record
SF:lib\app\components\cardCompararCaixa.dart
DA:10,1
DA:15,1
DA:17,1
DA:18,1
DA:27,0
DA:28,0
DA:29,0
DA:30,0
DA:36,0
DA:37,0
DA:43,1
DA:45,1
DA:46,1
DA:48,0
DA:49,0
DA:50,0
DA:53,0
DA:54,0
DA:57,0
DA:59,0
DA:60,0
DA:61,0
DA:62,0
DA:63,0
DA:65,0
DA:68,0
DA:80,0
DA:81,0
DA:83,0
DA:89,0
DA:90,0
DA:93,0
DA:94,0
DA:96,0
DA:97,0
DA:98,0
DA:99,0
DA:100,0
DA:108,0
DA:109,0
DA:111,0
DA:112,0
DA:114,0
DA:116,0
DA:117,0
DA:118,0
DA:119,0
DA:121,0
DA:122,0
DA:123,0
DA:129,0
DA:130,0
DA:131,0
DA:132,0
DA:133,0
DA:141,0
DA:142,0
DA:143,0
DA:145,0
DA:146,0
DA:147,0
DA:153,0
DA:154,0
DA:155,0
DA:156,0
DA:157,0
DA:165,0
DA:166,0
DA:167,0
DA:169,0
DA:170,0
DA:171,0
DA:177,0
DA:178,0
DA:179,0
DA:180,0
DA:181,0
LF:77
LH:7
end_of_record
SF:lib\app\components\suggestionsAproveitamento.dart
DA:6,1
DA:8,1
DA:9,1
DA:10,1
DA:13,1
DA:17,0
DA:18,0
DA:20,0
DA:21,0
DA:22,0
DA:23,0
DA:26,0
DA:27,0
DA:29,0
DA:34,0
DA:36,0
DA:39,0
DA:40,0
DA:41,0
DA:42,0
DA:48,0
DA:52,0
LF:22
LH:5
end_of_record
SF:lib\app\components\titleDefault.dart
DA:6,2
DA:8,1
DA:10,1
DA:12,1
DA:13,1
DA:15,1
DA:17,1
DA:18,1
DA:20,1
LF:9
LH:9
end_of_record
SF:lib\app\pages\cliente\cliente_page.dart
DA:9,4
DA:11,1
DA:12,1
DA:18,1
DA:20,1
DA:22,2
DA:23,1
DA:33,2
DA:34,1
DA:44,2
DA:45,1
DA:57,1
DA:59,1
DA:60,1
DA:62,1
DA:65,1
DA:66,1
DA:67,1
DA:68,1
DA:71,0
DA:72,0
DA:73,0
DA:78,1
DA:79,2
DA:80,1
DA:81,1
DA:82,1
LF:27
LH:24
end_of_record
SF:lib\app\pages\cliente\novo_editar\novo_editar_page.dart
DA:9,2
DA:11,1
DA:12,1
DA:17,1
DA:19,1
DA:22,1
DA:24,1
DA:25,1
DA:26,1
DA:27,2
DA:31,1
DA:32,1
DA:33,1
DA:36,1
DA:37,1
DA:38,1
DA:42,1
DA:46,1
DA:52,1
DA:53,1
DA:54,1
DA:58,1
DA:64,1
DA:67,1
DA:70,1
DA:73,1
DA:74,1
DA:75,1
DA:77,0
DA:78,0
LF:30
LH:28
end_of_record
SF:lib\app\pages\compararcaixa\compararcaixa_page.dart
DA:8,2
DA:9,2
DA:11,1
DA:12,1
DA:15,3
DA:16,1
DA:25,1
DA:34,1
DA:47,1
DA:49,1
DA:52,1
DA:54,1
DA:55,1
DA:56,1
DA:57,1
DA:58,0
DA:59,0
DA:61,1
DA:65,3
DA:67,1
DA:69,1
DA:70,2
DA:71,1
DA:72,1
DA:73,2
DA:74,1
LF:26
LH:24
end_of_record
SF:lib\app\pages\producao\producao_page.dart
DA:6,4
DA:8,1
DA:9,1
DA:15,1
DA:16,1
DA:17,1
DA:18,1
DA:19,1
DA:20,1
DA:21,1
DA:22,1
DA:24,1
DA:25,1
DA:26,1
DA:27,1
DA:28,1
DA:29,1
DA:30,1
DA:33,1
DA:34,1
DA:35,1
DA:36,1
DA:37,1
DA:38,1
DA:39,1
DA:42,2
DA:43,1
DA:44,3
DA:47,2
DA:48,2
DA:51,2
DA:52,1
DA:53,3
DA:56,2
DA:57,2
DA:60,2
DA:61,1
DA:62,3
DA:65,2
DA:66,2
DA:71,1
DA:73,1
DA:74,2
DA:75,1
DA:78,1
DA:80,1
DA:81,1
DA:83,1
DA:86,1
DA:87,2
DA:89,1
DA:91,1
DA:92,1
DA:93,1
DA:97,1
DA:101,1
DA:117,1
LF:57
LH:57
end_of_record
SF:lib\app\routes\routes_bloc.dart
DA:7,0
DA:9,0
DA:10,0
DA:11,0
DA:14,0
DA:16,0
DA:17,0
LF:7
LH:0
end_of_record
SF:lib\app\routes\routes_page.dart
DA:10,2
DA:12,1
DA:13,1
DA:34,1
DA:36,2
DA:37,0
DA:38,0
DA:39,0
DA:40,0
DA:42,0
DA:43,0
DA:47,0
DA:48,0
DA:50,0
DA:51,0
DA:52,0
DA:53,0
DA:55,0
DA:56,0
LF:19
LH:5
end_of_record
SF:lib\app\pages\compararcaixa\compararcaixa_bloc.dart
DA:3,3
DA:6,1
DA:10,0
DA:12,0
DA:13,0
DA:15,0
DA:16,0
LF:7
LH:2
end_of_record
SF:lib\app\pages\compararcaixa\compararcaixa_module.dart
DA:7,1
DA:8,1
DA:9,3
DA:12,1
DA:13,1
DA:15,0
DA:16,0
DA:18,2
LF:8
LH:6
end_of_record
SF:lib\app\pages\cliente\cliente_bloc.dart
DA:3,6
DA:6,1
DA:10,0
DA:12,0
DA:13,0
DA:15,0
DA:16,0
LF:7
LH:2
end_of_record
SF:lib\app\pages\cliente\cliente_module.dart
DA:8,2
DA:9,2
DA:10,4
DA:11,4
DA:14,2
DA:15,2
DA:17,0
DA:18,0
DA:20,4
LF:9
LH:7
end_of_record
SF:lib\app\pages\cliente\novo_editar\novo_editar_bloc.dart
DA:3,6
DA:6,1
DA:10,0
DA:12,0
DA:13,0
DA:15,0
DA:16,0
LF:7
LH:2
end_of_record
SF:lib\app\pages\producao\producao_bloc.dart
DA:3,3
DA:6,1
DA:10,0
DA:12,0
DA:13,0
DA:15,0
DA:16,0
LF:7
LH:2
end_of_record
SF:lib\app\pages\producao\producao_module.dart
DA:7,1
DA:8,1
DA:9,3
DA:12,1
DA:13,1
DA:15,0
DA:16,0
DA:18,2
LF:8
LH:6
end_of_record
